[ 26/03/2023 16:14:34]	Application init.
[ 26/03/2023 16:14:34]	Creating MainWindow
[ 26/03/2023 16:14:34]	taskmanager: Started setup.
[ 26/03/2023 16:14:34]	windowmgr: Mounted window WaitFm into MainWindow
[ 26/03/2023 16:14:35]	shellmgr: Running command "py --version"
[ 26/03/2023 16:14:35]	shellmgr: The system reports no errors at the moment. Attempting to close the process.
[ 26/03/2023 16:14:35]	shellmgr: Waiting for py (pid 7988) to exit. [1 of 3]
[ 26/03/2023 16:14:35]	shellmgr: Waiting for py (pid 7988) to exit. [2 of 3]
[ 26/03/2023 16:14:35]	shellmgr: py has exited. Exit code: 0.
[ 26/03/2023 16:14:35]	shellmgr: Running command "py -c "import sys; print(sys.executable)""
[ 26/03/2023 16:14:35]	shellmgr: The system reports no errors at the moment.
[ 26/03/2023 16:14:35]	shellmgr: [INFO] The process (pid 13172) is running as a task and is limited to a runtime of 1800 seconds.
[ 26/03/2023 16:14:35]	shellmgr: py stderr: 
[ 26/03/2023 16:14:35]	setup: [ 1.14600]	Python is installed on this PC at "C:\Program Files\Python311\python.exe".
[ 26/03/2023 16:14:36]	shellmgr: Running command "py -m esptool --help"
[ 26/03/2023 16:14:36]	shellmgr: The system reports no errors at the moment. Attempting to close the process.
[ 26/03/2023 16:14:36]	shellmgr: Waiting for py (pid 15444) to exit. [1 of 3]
[ 26/03/2023 16:14:36]	shellmgr: Waiting for py (pid 15444) to exit. [2 of 3]
[ 26/03/2023 16:14:36]	shellmgr: py has exited. Exit code: 0.
[ 26/03/2023 16:14:36]	setup: [ 2.32651]	esptool.py is installed in the default Python environment.
[ 26/03/2023 16:14:37]	setup: [ 3.32844]	Searching for device drivers.
[ 26/03/2023 16:14:38]	setup: [ 4.33135]	Check "C:\Windows\system32\DriverStore\FileRepository\" for "silabser"
[ 26/03/2023 16:14:38]	setup: [ 4.33334]	Check "C:\Windows\system32\DriverStore\FileRepository\" for "ch34ser"
[ 26/03/2023 16:14:38]	setup: [ 4.33435]	Check "C:\Windows\system32\DriverStore\FileRepository\" for "ftdiport"
[ 26/03/2023 16:14:38]	setup: [ 4.33634]	Check "C:\Windows\system32\DriverStore\FileRepository\" for "ftdibus"
[ 26/03/2023 16:14:38]	setup: [ 4.33634]	Detected driver: SILABSER
[ 26/03/2023 16:14:38]	windowmgr: Mounted window MessageFm into MainWindow
[ 26/03/2023 16:14:43]	windowmgr: Request to unmount MessageFm into MainWindow requires control invokation.
[ 26/03/2023 16:14:43]	windowmgr: Invoking the request on the UI thread.
[ 26/03/2023 16:14:43]	windowmgr: Removing window MessageFm from MainWindow
[ 26/03/2023 16:14:44]	setup: [ 10.37433]	Finished (10s).
[ 26/03/2023 16:14:44]	taskmanager: setup finished in 10s.
[ 26/03/2023 16:14:44]	windowmgr: Request to unmount WaitFm into MainWindow requires control invokation.
[ 26/03/2023 16:14:44]	windowmgr: Invoking the request on the UI thread.
[ 26/03/2023 16:14:44]	windowmgr: Removing window WaitFm from MainWindow
[ 26/03/2023 16:14:44]	taskmanager: Started devicescan.
[ 26/03/2023 16:14:44]	windowmgr: Mounted window WaitFm into MainWindow
[ 26/03/2023 16:14:45]	devicescan: [ 1.01589]	Searching for devices...
[ 26/03/2023 16:14:45]	devicescan: [ 1.20386]	Detected Communications Port on COM1
[ 26/03/2023 16:14:45]	windowmgr: Mounted window RequestFm into MainWindow
[ 26/03/2023 16:14:47]	windowmgr: Request to unmount RequestFm into MainWindow requires control invokation.
[ 26/03/2023 16:14:47]	windowmgr: Invoking the request on the UI thread.
[ 26/03/2023 16:14:47]	windowmgr: Removing window RequestFm from MainWindow
[ 26/03/2023 16:14:47]	devicescan: [ 3.20886]	The device was rejected by the user, device threshold is now 2 (was 1)
[ 26/03/2023 16:14:47]	devicescan: [ 3.28186]	Detected Silicon Labs CP210x USB to UART Bridge on COM3
[ 26/03/2023 16:14:47]	windowmgr: Mounted window RequestFm into MainWindow
[ 26/03/2023 16:14:49]	windowmgr: Request to unmount RequestFm into MainWindow requires control invokation.
[ 26/03/2023 16:14:49]	windowmgr: Invoking the request on the UI thread.
[ 26/03/2023 16:14:49]	windowmgr: Removing window RequestFm from MainWindow
[ 26/03/2023 16:14:49]	devicescan: [ 4.71501]	Connecting to Silicon Labs CP210x USB to UART Bridge on COM3...
[ 26/03/2023 16:14:49]	shellmgr: Running command "py -m esptool --port COM3 read_mac"
[ 26/03/2023 16:14:49]	shellmgr: The system reports no errors at the moment.
[ 26/03/2023 16:14:49]	shellmgr: [INFO] The process (pid 15592) is running as a task and is limited to a runtime of 1800 seconds.
[ 26/03/2023 16:14:54]	shellmgr: py stderr: 
[ 26/03/2023 16:14:54]	devicescan: [ 9.59490]	Connected to Silicon Labs CP210x USB to UART Bridge on COM3
[ 26/03/2023 16:14:54]	devicescan: [ 9.59590]	Espressif device MAC: DC:4F:22:5F:3B:B4
[ 26/03/2023 16:14:55]	devicescan: [ 10.61198]	Finished (11s).
[ 26/03/2023 16:14:55]	taskmanager: devicescan finished in 11s.
[ 26/03/2023 16:14:55]	windowmgr: Request to unmount WaitFm into MainWindow requires control invokation.
[ 26/03/2023 16:14:55]	windowmgr: Invoking the request on the UI thread.
[ 26/03/2023 16:14:55]	windowmgr: Removing window WaitFm from MainWindow
[ 26/03/2023 16:14:55]	taskmanager: Started flasher.
[ 26/03/2023 16:14:55]	windowmgr: Mounted window WaitFm into MainWindow
[ 26/03/2023 16:14:56]	windowmgr: Mounted window RequestFm into MainWindow
[ 26/03/2023 16:14:57]	windowmgr: Request to unmount RequestFm into MainWindow requires control invokation.
[ 26/03/2023 16:14:57]	windowmgr: Invoking the request on the UI thread.
[ 26/03/2023 16:14:57]	windowmgr: Removing window RequestFm from MainWindow
[ 26/03/2023 16:14:57]	github: Request https://api.github.com/repos/spacehuhntech/esp8266_deauther/tags
[ 26/03/2023 16:14:57]	github: Headers
	Accept: application/json
	User-Agent: N2D22webAPI/Microsoft Windows NT 6.2.9200.0
	
[ 26/03/2023 16:14:57]	github: Status Code OK (200)
[ 26/03/2023 16:14:58]	github: Request https://api.github.com/repos/spacehuhntech/esp8266_deauther/releases/latest
[ 26/03/2023 16:14:58]	github: Headers
	Accept: application/json
	User-Agent: N2D22webAPI/Microsoft Windows NT 6.2.9200.0
	
[ 26/03/2023 16:14:58]	github: Status Code OK (200)
[ 26/03/2023 16:14:58]	github: Latest software version: 2.6.1
[ 26/03/2023 16:14:58]	github: Request https://api.github.com/repos/spacehuhntech/esp8266_deauther/releases/tags/2.6.1
[ 26/03/2023 16:14:58]	github: Headers
	Accept: application/json
	User-Agent: N2D22webAPI/Microsoft Windows NT 6.2.9200.0
	
[ 26/03/2023 16:14:58]	github: Status Code OK (200)
[ 26/03/2023 16:14:58]	windowmgr: Mounted window SelectFm into MainWindow
[ 26/03/2023 16:15:01]	github: Request https://api.github.com/repos/spacehuhntech/esp8266_deauther/releases/tags/2.6.1
[ 26/03/2023 16:15:01]	github: Headers
	Accept: application/json
	User-Agent: N2D22webAPI/Microsoft Windows NT 6.2.9200.0
	
[ 26/03/2023 16:15:01]	github: Status Code OK (200)
[ 26/03/2023 16:15:04]	windowmgr: Request to unmount SelectFm into MainWindow requires control invokation.
[ 26/03/2023 16:15:04]	windowmgr: Invoking the request on the UI thread.
[ 26/03/2023 16:15:04]	windowmgr: Removing window SelectFm from MainWindow
[ 26/03/2023 16:15:04]	flasher: [ 9.74358]	User selected file: https://github.com/SpacehuhnTech/esp8266_deauther/releases/download/2.6.1/esp8266_deauther_2.6.1_NODEMCU.bin
[ 26/03/2023 16:15:04]	flasher: [ 9.74758]	Downloading https://github.com/SpacehuhnTech/esp8266_deauther/releases/download/2.6.1/esp8266_deauther_2.6.1_NODEMCU.bin...
[ 26/03/2023 16:15:05]	flasher: [ 10.36837]	Successfully downloaded esp8266_deauther_2.6.1_NODEMCU.bin from github.com
[ 26/03/2023 16:15:06]	windowmgr: Mounted window RequestFm into MainWindow
[ 26/03/2023 16:15:07]	windowmgr: Request to unmount RequestFm into MainWindow requires control invokation.
[ 26/03/2023 16:15:07]	windowmgr: Invoking the request on the UI thread.
[ 26/03/2023 16:15:07]	windowmgr: Removing window RequestFm from MainWindow
[ 26/03/2023 16:15:07]	flasher: [ 12.61605]	Flash operation started.
[ 26/03/2023 16:15:07]	flasher: [ 12.62105]	Checking device connection...
[ 26/03/2023 16:15:07]	flasher: [ 12.62105]	Connecting to Silicon Labs CP210x USB to UART Bridge on COM3...
[ 26/03/2023 16:15:07]	shellmgr: Running command "py -m esptool --port COM3 read_mac"
[ 26/03/2023 16:15:07]	shellmgr: The system reports no errors at the moment.
[ 26/03/2023 16:15:07]	shellmgr: [INFO] The process (pid 13840) is running as a task and is limited to a runtime of 1800 seconds.
[ 26/03/2023 16:15:12]	shellmgr: py stderr: 
[ 26/03/2023 16:15:12]	flasher: [ 17.58585]	Connected to Silicon Labs CP210x USB to UART Bridge on COM3
[ 26/03/2023 16:15:12]	flasher: [ 17.58785]	Espressif device MAC: DC:4F:22:5F:3B:B4
[ 26/03/2023 16:15:12]	flasher: [ 17.59185]	Erasing flash memory chip...
[ 26/03/2023 16:15:12]	shellmgr: Running command "py -m esptool --port COM3 erase_flash"
[ 26/03/2023 16:15:12]	shellmgr: The system reports no errors at the moment.
[ 26/03/2023 16:15:12]	shellmgr: [INFO] The process (pid 4112) is running as a task and is limited to a runtime of 1800 seconds.
[ 26/03/2023 16:15:23]	shellmgr: py stderr: 
[ 26/03/2023 16:15:23]	flasher: [ 28.01284]	Erase successful!
[ 26/03/2023 16:15:23]	flasher: [ 28.01884]	Writing new software image...
[ 26/03/2023 16:15:23]	shellmgr: Running command "py -m esptool --port COM3 write_flash 0x0 "esp8266_deauther_2.6.1_NODEMCU.bin""
[ 26/03/2023 16:15:23]	shellmgr: The system reports no errors at the moment.
[ 26/03/2023 16:15:23]	shellmgr: [INFO] The process (pid 17296) is running as a task and is limited to a runtime of 1800 seconds.
[ 26/03/2023 16:16:22]	shellmgr: py stderr: 
[ 26/03/2023 16:16:22]	flasher: [ 87.29124]	Flash complete!
[ 26/03/2023 16:16:22]	windowmgr: Mounted window MessageFm into MainWindow
[ 26/03/2023 16:16:22]	flasher: [ 87.80460]	Finished (88s).
[ 26/03/2023 16:16:22]	taskmanager: flasher finished in 88s.
[ 26/03/2023 16:16:22]	windowmgr: Request to unmount WaitFm into MainWindow requires control invokation.
[ 26/03/2023 16:16:22]	windowmgr: Invoking the request on the UI thread.
[ 26/03/2023 16:16:22]	windowmgr: Removing window WaitFm from MainWindow
[ 26/03/2023 16:16:30]	Window destroyed. Exiting
