[ 30/10/2021 11:34:17]	Application init.
[ 30/10/2021 11:34:17]	Creating MainWindow
[ 30/10/2021 11:34:17]	taskmanager: Started setup.
[ 30/10/2021 11:34:17]	windowmgr: Mounted window WaitFm into MainWindow
[ 30/10/2021 11:34:18]	shellmgr: Running command "py --version"
[ 30/10/2021 11:34:18]	shellmgr: The system reports no errors at the moment. Attempting to close the process.
[ 30/10/2021 11:34:18]	shellmgr: Waiting for py (pid 14504) to exit. [1 of 3]
[ 30/10/2021 11:34:19]	shellmgr: Waiting for py (pid 14504) to exit. [2 of 3]
[ 30/10/2021 11:34:19]	shellmgr: py has exited. Exit code: 0.
[ 30/10/2021 11:34:19]	shellmgr: Running command "py -c "import sys; print(sys.executable)""
[ 30/10/2021 11:34:19]	shellmgr: The system reports no errors at the moment.
[ 30/10/2021 11:34:19]	shellmgr: [INFO] The process (pid 7192) is running as a task and is limited to a runtime of 1800 seconds.
[ 30/10/2021 11:34:19]	shellmgr: py stderr: 
[ 30/10/2021 11:34:19]	setup: [ 1.19318]	Python is installed on this PC at "C:\Program Files\Python39\python.exe".
[ 30/10/2021 11:34:20]	shellmgr: Running command "py -m esptool --help"
[ 30/10/2021 11:34:20]	shellmgr: The system reports no errors at the moment. Attempting to close the process.
[ 30/10/2021 11:34:20]	shellmgr: Waiting for py (pid 7476) to exit. [1 of 3]
[ 30/10/2021 11:34:20]	shellmgr: Waiting for py (pid 7476) to exit. [2 of 3]
[ 30/10/2021 11:34:20]	shellmgr: py has exited. Exit code: 0.
[ 30/10/2021 11:34:20]	setup: [ 2.30164]	esptool.py is installed in the default Python environment.
[ 30/10/2021 11:34:21]	setup: [ 3.31233]	Searching for device drivers.
[ 30/10/2021 11:34:22]	setup: [ 4.31753]	Check "C:\Windows\system32\DriverStore\FileRepository\" for "silabser"
[ 30/10/2021 11:34:22]	setup: [ 4.31953]	Check "C:\Windows\system32\DriverStore\FileRepository\" for "ch34ser"
[ 30/10/2021 11:34:22]	setup: [ 4.32053]	Check "C:\Windows\system32\DriverStore\FileRepository\" for "ftdiport"
[ 30/10/2021 11:34:22]	setup: [ 4.32153]	Check "C:\Windows\system32\DriverStore\FileRepository\" for "ftdibus"
[ 30/10/2021 11:34:22]	setup: [ 4.32252]	Detected driver: SILABSER
[ 30/10/2021 11:34:22]	windowmgr: Mounted window MessageFm into MainWindow
[ 30/10/2021 11:34:27]	windowmgr: Request to unmount MessageFm into MainWindow requires control invokation.
[ 30/10/2021 11:34:27]	windowmgr: Invoking the request on the UI thread.
[ 30/10/2021 11:34:27]	windowmgr: Removing window MessageFm from MainWindow
[ 30/10/2021 11:34:28]	setup: [ 10.34659]	Finished (10s).
[ 30/10/2021 11:34:28]	taskmanager: setup finished in 10s.
[ 30/10/2021 11:34:28]	windowmgr: Request to unmount WaitFm into MainWindow requires control invokation.
[ 30/10/2021 11:34:28]	windowmgr: Invoking the request on the UI thread.
[ 30/10/2021 11:34:28]	windowmgr: Removing window WaitFm from MainWindow
[ 30/10/2021 11:34:28]	taskmanager: Started devicescan.
[ 30/10/2021 11:34:28]	windowmgr: Mounted window WaitFm into MainWindow
[ 30/10/2021 11:34:29]	devicescan: [ 1.00657]	Searching for devices...
[ 30/10/2021 11:34:29]	devicescan: [ 1.23873]	Detected Communications Port on COM1
[ 30/10/2021 11:34:29]	windowmgr: Mounted window RequestFm into MainWindow
[ 30/10/2021 11:34:31]	windowmgr: Request to unmount RequestFm into MainWindow requires control invokation.
[ 30/10/2021 11:34:31]	windowmgr: Invoking the request on the UI thread.
[ 30/10/2021 11:34:31]	windowmgr: Removing window RequestFm from MainWindow
[ 30/10/2021 11:34:31]	devicescan: [ 3.66695]	The device was rejected by the user, device threshold is now 2 (was 1)
[ 30/10/2021 11:34:32]	devicescan: [ 3.88067]	Detected Silicon Labs CP210x USB to UART Bridge on COM5
[ 30/10/2021 11:34:32]	windowmgr: Mounted window RequestFm into MainWindow
[ 30/10/2021 11:34:33]	windowmgr: Request to unmount RequestFm into MainWindow requires control invokation.
[ 30/10/2021 11:34:33]	windowmgr: Invoking the request on the UI thread.
[ 30/10/2021 11:34:33]	windowmgr: Removing window RequestFm from MainWindow
[ 30/10/2021 11:34:33]	devicescan: [ 5.34014]	Connecting to Silicon Labs CP210x USB to UART Bridge on COM5...
[ 30/10/2021 11:34:33]	shellmgr: Running command "py -m esptool --port COM5 read_mac"
[ 30/10/2021 11:34:33]	shellmgr: The system reports no errors at the moment.
[ 30/10/2021 11:34:33]	shellmgr: [INFO] The process (pid 14464) is running as a task and is limited to a runtime of 1800 seconds.
[ 30/10/2021 11:34:36]	shellmgr: py stderr: 
[ 30/10/2021 11:34:36]	devicescan: [ 8.53612]	Connected to Silicon Labs CP210x USB to UART Bridge on COM5
[ 30/10/2021 11:34:36]	devicescan: [ 8.53712]	Espressif device MAC: DC:4F:22:5F:3B:B4
[ 30/10/2021 11:34:37]	devicescan: [ 9.54319]	Finished (10s).
[ 30/10/2021 11:34:37]	taskmanager: devicescan finished in 10s.
[ 30/10/2021 11:34:37]	windowmgr: Request to unmount WaitFm into MainWindow requires control invokation.
[ 30/10/2021 11:34:37]	windowmgr: Invoking the request on the UI thread.
[ 30/10/2021 11:34:37]	windowmgr: Removing window WaitFm from MainWindow
[ 30/10/2021 11:34:37]	taskmanager: Started flasher.
[ 30/10/2021 11:34:37]	windowmgr: Mounted window WaitFm into MainWindow
[ 30/10/2021 11:34:38]	windowmgr: Mounted window RequestFm into MainWindow
[ 30/10/2021 11:34:40]	windowmgr: Request to unmount RequestFm into MainWindow requires control invokation.
[ 30/10/2021 11:34:40]	windowmgr: Invoking the request on the UI thread.
[ 30/10/2021 11:34:40]	windowmgr: Removing window RequestFm from MainWindow
[ 30/10/2021 11:34:43]	windowmgr: Mounted window RequestFm into MainWindow
[ 30/10/2021 11:34:44]	windowmgr: Request to unmount RequestFm into MainWindow requires control invokation.
[ 30/10/2021 11:34:44]	windowmgr: Invoking the request on the UI thread.
[ 30/10/2021 11:34:44]	windowmgr: Removing window RequestFm from MainWindow
[ 30/10/2021 11:34:44]	flasher: [ 7.10732]	Flash operation started.
[ 30/10/2021 11:34:44]	flasher: [ 7.10933]	Checking device connection...
[ 30/10/2021 11:34:44]	flasher: [ 7.10933]	Connecting to Silicon Labs CP210x USB to UART Bridge on COM5...
[ 30/10/2021 11:34:44]	shellmgr: Running command "py -m esptool --port COM5 read_mac"
[ 30/10/2021 11:34:44]	shellmgr: The system reports no errors at the moment.
[ 30/10/2021 11:34:44]	shellmgr: [INFO] The process (pid 16756) is running as a task and is limited to a runtime of 1800 seconds.
[ 30/10/2021 11:34:48]	shellmgr: py stderr: 
[ 30/10/2021 11:34:48]	flasher: [ 10.42671]	Connected to Silicon Labs CP210x USB to UART Bridge on COM5
[ 30/10/2021 11:34:48]	flasher: [ 10.42771]	Espressif device MAC: DC:4F:22:5F:3B:B4
[ 30/10/2021 11:34:48]	flasher: [ 10.43071]	Erasing flash memory chip...
[ 30/10/2021 11:34:48]	shellmgr: Running command "py -m esptool --port COM5 erase_flash"
[ 30/10/2021 11:34:48]	shellmgr: The system reports no errors at the moment.
[ 30/10/2021 11:34:48]	shellmgr: [INFO] The process (pid 11400) is running as a task and is limited to a runtime of 1800 seconds.
[ 30/10/2021 11:34:56]	shellmgr: py stderr: 
[ 30/10/2021 11:34:56]	flasher: [ 19.14682]	Erase successful!
[ 30/10/2021 11:34:56]	flasher: [ 19.15082]	Writing new software image...
[ 30/10/2021 11:34:56]	shellmgr: Running command "py -m esptool --port COM5 write_flash 0x0 "C:\Users\Alex\Downloads\N2D22-winAnyCPUdotNet472-rev2 (1)\esp8266_deauther_2.6.1_NODEMCU.bin""
[ 30/10/2021 11:34:56]	shellmgr: The system reports no errors at the moment.
[ 30/10/2021 11:34:56]	shellmgr: [INFO] The process (pid 11152) is running as a task and is limited to a runtime of 1800 seconds.
[ 30/10/2021 11:35:54]	shellmgr: py stderr: 
[ 30/10/2021 11:35:54]	flasher: [ 76.68278]	Flash complete!
[ 30/10/2021 11:35:54]	windowmgr: Mounted window MessageFm into MainWindow
[ 30/10/2021 11:35:54]	flasher: [ 77.18946]	Finished (77s).
[ 30/10/2021 11:35:54]	taskmanager: flasher finished in 77s.
[ 30/10/2021 11:35:54]	windowmgr: Request to unmount WaitFm into MainWindow requires control invokation.
[ 30/10/2021 11:35:54]	windowmgr: Invoking the request on the UI thread.
[ 30/10/2021 11:35:54]	windowmgr: Removing window WaitFm from MainWindow
[ 30/10/2021 11:37:19]	Window destroyed. Exiting
