[ 26/03/2023 16:01:45]	Application init.
[ 26/03/2023 16:01:45]	Creating MainWindow
[ 26/03/2023 16:01:45]	taskmanager: Started setup.
[ 26/03/2023 16:01:45]	windowmgr: Mounted window WaitFm into MainWindow
[ 26/03/2023 16:01:46]	shellmgr: Running command "py --version"
[ 26/03/2023 16:01:46]	shellmgr: The system reports no errors at the moment. Attempting to close the process.
[ 26/03/2023 16:01:46]	shellmgr: Waiting for py (pid 16340) to exit. [1 of 3]
[ 26/03/2023 16:01:46]	shellmgr: Waiting for py (pid 16340) to exit. [2 of 3]
[ 26/03/2023 16:01:46]	shellmgr: py has exited. Exit code: 0.
[ 26/03/2023 16:01:46]	shellmgr: Running command "py -c "import sys; print(sys.executable)""
[ 26/03/2023 16:01:46]	shellmgr: The system reports no errors at the moment.
[ 26/03/2023 16:01:46]	shellmgr: [INFO] The process (pid 15232) is running as a task and is limited to a runtime of 1800 seconds.
[ 26/03/2023 16:01:46]	shellmgr: py stderr: 
[ 26/03/2023 16:01:46]	setup: [ 1.20146]	Python is installed on this PC at "C:\Program Files\Python311\python.exe".
[ 26/03/2023 16:01:47]	shellmgr: Running command "py -m esptool --help"
[ 26/03/2023 16:01:47]	shellmgr: The system reports no errors at the moment. Attempting to close the process.
[ 26/03/2023 16:01:47]	shellmgr: Waiting for py (pid 13528) to exit. [1 of 3]
[ 26/03/2023 16:01:47]	shellmgr: Waiting for py (pid 13528) to exit. [2 of 3]
[ 26/03/2023 16:01:47]	shellmgr: py has exited. Exit code: 0.
[ 26/03/2023 16:01:47]	setup: [ 2.39494]	esptool.py is installed in the default Python environment.
[ 26/03/2023 16:01:48]	setup: [ 3.39821]	Searching for device drivers.
[ 26/03/2023 16:01:49]	setup: [ 4.40158]	Check "C:\Windows\system32\DriverStore\FileRepository\" for "silabser"
[ 26/03/2023 16:01:49]	setup: [ 4.40457]	Check "C:\Windows\system32\DriverStore\FileRepository\" for "ch34ser"
[ 26/03/2023 16:01:49]	setup: [ 4.40557]	Check "C:\Windows\system32\DriverStore\FileRepository\" for "ftdiport"
[ 26/03/2023 16:01:49]	setup: [ 4.40757]	Check "C:\Windows\system32\DriverStore\FileRepository\" for "ftdibus"
[ 26/03/2023 16:01:49]	setup: [ 4.40957]	Detected driver: SILABSER
[ 26/03/2023 16:01:49]	windowmgr: Mounted window MessageFm into MainWindow
[ 26/03/2023 16:01:54]	windowmgr: Request to unmount MessageFm into MainWindow requires control invokation.
[ 26/03/2023 16:01:54]	windowmgr: Invoking the request on the UI thread.
[ 26/03/2023 16:01:54]	windowmgr: Removing window MessageFm from MainWindow
[ 26/03/2023 16:01:55]	setup: [ 10.43899]	Finished (10s).
[ 26/03/2023 16:01:55]	taskmanager: setup finished in 10s.
[ 26/03/2023 16:01:55]	windowmgr: Request to unmount WaitFm into MainWindow requires control invokation.
[ 26/03/2023 16:01:55]	windowmgr: Invoking the request on the UI thread.
[ 26/03/2023 16:01:55]	windowmgr: Removing window WaitFm from MainWindow
[ 26/03/2023 16:01:55]	taskmanager: Started devicescan.
[ 26/03/2023 16:01:55]	windowmgr: Mounted window WaitFm into MainWindow
[ 26/03/2023 16:01:56]	devicescan: [ 1.00584]	Searching for devices...
[ 26/03/2023 16:01:56]	devicescan: [ 1.04984]	Detected Communications Port on COM1
[ 26/03/2023 16:01:56]	windowmgr: Mounted window RequestFm into MainWindow
[ 26/03/2023 16:01:58]	windowmgr: Request to unmount RequestFm into MainWindow requires control invokation.
[ 26/03/2023 16:01:58]	windowmgr: Invoking the request on the UI thread.
[ 26/03/2023 16:01:58]	windowmgr: Removing window RequestFm from MainWindow
[ 26/03/2023 16:01:58]	devicescan: [ 2.64205]	The device was rejected by the user, device threshold is now 2 (was 1)
[ 26/03/2023 16:01:59]	devicescan: [ 3.64329]	Searching for devices... [1 device is connected, but you've chosen to not use it]
[ 26/03/2023 16:02:00]	devicescan: [ 4.64394]	Searching for devices... [1 device is connected, but you've chosen to not use it]
[ 26/03/2023 16:02:01]	devicescan: [ 5.64564]	Searching for devices... [1 device is connected, but you've chosen to not use it]
[ 26/03/2023 16:02:02]	devicescan: [ 6.64791]	Searching for devices... [1 device is connected, but you've chosen to not use it]
[ 26/03/2023 16:02:03]	devicescan: [ 7.64983]	Searching for devices... [1 device is connected, but you've chosen to not use it]
[ 26/03/2023 16:02:04]	devicescan: [ 8.66293]	Searching for devices... [1 device is connected, but you've chosen to not use it]
[ 26/03/2023 16:02:05]	devicescan: [ 9.66432]	Searching for devices... [1 device is connected, but you've chosen to not use it]
[ 26/03/2023 16:02:06]	devicescan: [ 10.66611]	Searching for devices... [1 device is connected, but you've chosen to not use it]
[ 26/03/2023 16:02:07]	devicescan: [ 11.66726]	Searching for devices... [1 device is connected, but you've chosen to not use it]
[ 26/03/2023 16:02:08]	devicescan: [ 12.66855]	Searching for devices... [1 device is connected, but you've chosen to not use it]
[ 26/03/2023 16:02:09]	devicescan: [ 13.67098]	Searching for devices... [1 device is connected, but you've chosen to not use it]
[ 26/03/2023 16:02:09]	windowmgr: Mounted window DriverTimeoutFm into MainWindow
[ 26/03/2023 16:02:10]	devicescan: [ 14.69363]	Searching for devices... [1 device is connected, but you've chosen to not use it]
[ 26/03/2023 16:02:10]	windowmgr: Mounted window DriverTimeoutFm into MainWindow
[ 26/03/2023 16:02:11]	devicescan: [ 15.71071]	Searching for devices... [1 device is connected, but you've chosen to not use it]
[ 26/03/2023 16:02:11]	windowmgr: Mounted window DriverTimeoutFm into MainWindow
[ 26/03/2023 16:02:12]	devicescan: [ 16.73450]	Searching for devices... [1 device is connected, but you've chosen to not use it]
[ 26/03/2023 16:02:12]	windowmgr: Mounted window DriverTimeoutFm into MainWindow
[ 26/03/2023 16:02:13]	devicescan: [ 17.75222]	Searching for devices... [1 device is connected, but you've chosen to not use it]
[ 26/03/2023 16:02:13]	windowmgr: Mounted window DriverTimeoutFm into MainWindow
[ 26/03/2023 16:02:14]	devicescan: [ 18.76994]	Searching for devices... [1 device is connected, but you've chosen to not use it]
[ 26/03/2023 16:02:14]	windowmgr: Mounted window DriverTimeoutFm into MainWindow
[ 26/03/2023 16:02:15]	devicescan: [ 19.80044]	Searching for devices... [1 device is connected, but you've chosen to not use it]
[ 26/03/2023 16:02:15]	windowmgr: Mounted window DriverTimeoutFm into MainWindow
[ 26/03/2023 16:02:16]	devicescan: [ 20.85022]	Searching for devices... [1 device is connected, but you've chosen to not use it]
[ 26/03/2023 16:02:16]	windowmgr: Mounted window DriverTimeoutFm into MainWindow
[ 26/03/2023 16:02:17]	devicescan: [ 21.87643]	Searching for devices... [1 device is connected, but you've chosen to not use it]
[ 26/03/2023 16:02:17]	windowmgr: Mounted window DriverTimeoutFm into MainWindow
[ 26/03/2023 16:02:18]	devicescan: [ 22.90129]	Searching for devices... [1 device is connected, but you've chosen to not use it]
[ 26/03/2023 16:02:18]	windowmgr: Mounted window DriverTimeoutFm into MainWindow
[ 26/03/2023 16:02:19]	devicescan: [ 23.92324]	Searching for devices... [1 device is connected, but you've chosen to not use it]
[ 26/03/2023 16:02:19]	windowmgr: Mounted window DriverTimeoutFm into MainWindow
[ 26/03/2023 16:02:20]	devicescan: [ 24.94289]	Searching for devices... [1 device is connected, but you've chosen to not use it]
[ 26/03/2023 16:02:20]	windowmgr: Mounted window DriverTimeoutFm into MainWindow
[ 26/03/2023 16:02:21]	devicescan: [ 25.96111]	Searching for devices... [1 device is connected, but you've chosen to not use it]
[ 26/03/2023 16:02:21]	windowmgr: Mounted window DriverTimeoutFm into MainWindow
[ 26/03/2023 16:02:22]	devicescan: [ 26.97989]	Searching for devices... [1 device is connected, but you've chosen to not use it]
[ 26/03/2023 16:02:22]	windowmgr: Mounted window DriverTimeoutFm into MainWindow
[ 26/03/2023 16:02:23]	devicescan: [ 27.99848]	Searching for devices... [1 device is connected, but you've chosen to not use it]
[ 26/03/2023 16:02:23]	windowmgr: Mounted window DriverTimeoutFm into MainWindow
[ 26/03/2023 16:02:24]	devicescan: [ 29.01662]	Searching for devices... [1 device is connected, but you've chosen to not use it]
[ 26/03/2023 16:02:24]	windowmgr: Mounted window DriverTimeoutFm into MainWindow
[ 26/03/2023 16:02:25]	devicescan: [ 30.03698]	Searching for devices... [1 device is connected, but you've chosen to not use it]
[ 26/03/2023 16:02:25]	windowmgr: Mounted window DriverTimeoutFm into MainWindow
[ 26/03/2023 16:02:26]	devicescan: [ 31.05510]	Searching for devices... [1 device is connected, but you've chosen to not use it]
[ 26/03/2023 16:02:26]	windowmgr: Mounted window DriverTimeoutFm into MainWindow
[ 26/03/2023 16:02:26]	devicescan: [ 31.15220]	Detected Silicon Labs CP210x USB to UART Bridge on COM3
[ 26/03/2023 16:02:26]	windowmgr: Mounted window RequestFm into MainWindow
[ 26/03/2023 16:02:29]	windowmgr: Request to unmount RequestFm into MainWindow requires control invokation.
[ 26/03/2023 16:02:29]	windowmgr: Invoking the request on the UI thread.
[ 26/03/2023 16:02:29]	windowmgr: Removing window RequestFm from MainWindow
[ 26/03/2023 16:02:51]	devicescan: [ 55.93063]	Connecting to Silicon Labs CP210x USB to UART Bridge on COM3...
[ 26/03/2023 16:02:51]	shellmgr: Running command "py -m esptool --port COM3 read_mac"
[ 26/03/2023 16:02:51]	shellmgr: The system reports no errors at the moment.
[ 26/03/2023 16:02:51]	shellmgr: [INFO] The process (pid 4384) is running as a task and is limited to a runtime of 1800 seconds.
[ 26/03/2023 16:02:56]	shellmgr: py stderr: 
[ 26/03/2023 16:02:56]	devicescan: [ 60.85315]	Connected to Silicon Labs CP210x USB to UART Bridge on COM3
[ 26/03/2023 16:02:56]	devicescan: [ 60.85415]	Espressif device MAC: DC:4F:22:5F:3B:B4
[ 26/03/2023 16:02:57]	devicescan: [ 61.86019]	Finished (62s).
[ 26/03/2023 16:02:57]	taskmanager: devicescan finished in 62s.
[ 26/03/2023 16:02:57]	windowmgr: Request to unmount WaitFm into MainWindow requires control invokation.
[ 26/03/2023 16:02:57]	windowmgr: Invoking the request on the UI thread.
[ 26/03/2023 16:02:57]	windowmgr: Removing window WaitFm from MainWindow
[ 26/03/2023 16:02:57]	taskmanager: Started flasher.
[ 26/03/2023 16:02:57]	windowmgr: Mounted window WaitFm into MainWindow
[ 26/03/2023 16:02:58]	windowmgr: Mounted window RequestFm into MainWindow
[ 26/03/2023 16:03:05]	Window destroyed. Exiting
